-------------------------------------------------------------------------------
Test set: TestSuite
-------------------------------------------------------------------------------
Tests run: 2, Failures: 1, Errors: 0, Skipped: 0, Time elapsed: 40.659 sec <<< FAILURE!
login(tests.LoginTest)  Time elapsed: 0.414 sec  <<< FAILURE!
java.lang.NullPointerException
	at tests.LoginTest.login(LoginTest.java:44)
