<?xml version="1.0" encoding="UTF-8"?>
<!-- Generated by org.testng.reporters.JUnitXMLReporter -->
<testsuite hostname="user" ignored="0" name="Command line test" tests="1" failures="1" timestamp="25 Jun 2018 15:41:39 GMT" time="0.43" errors="0">
  <testcase name="login" time="0.406" classname="tests.LoginTest">
    <failure type="java.lang.NullPointerException">
      <![CDATA[java.lang.NullPointerException
at tests.LoginTest.login(LoginTest.java:40)
... Removed 34 stack frames]]>
    </failure>
  </testcase> <!-- login -->
</testsuite> <!-- Command line test -->
